0 info it worked if it ends with ok
1 verbose cli [ 'node', '/usr/local/bin/npm', 'install', '-g', 'browse-sync' ]
2 info using npm@1.4.28
3 info using node@v0.10.32
4 verbose cache add [ 'browse-sync', null ]
5 verbose cache add name=undefined spec="browse-sync" args=["browse-sync",null]
6 verbose parsed url { protocol: null,
6 verbose parsed url   slashes: null,
6 verbose parsed url   auth: null,
6 verbose parsed url   host: null,
6 verbose parsed url   port: null,
6 verbose parsed url   hostname: null,
6 verbose parsed url   hash: null,
6 verbose parsed url   search: null,
6 verbose parsed url   query: null,
6 verbose parsed url   pathname: 'browse-sync',
6 verbose parsed url   path: 'browse-sync',
6 verbose parsed url   href: 'browse-sync' }
7 silly lockFile 01872b78-browse-sync browse-sync
8 verbose lock browse-sync /Users/shaneobsourne/.npm/01872b78-browse-sync.lock
9 silly lockFile 01872b78-browse-sync browse-sync
10 silly lockFile 01872b78-browse-sync browse-sync
11 verbose addNamed [ 'browse-sync', '' ]
12 verbose addNamed [ null, '*' ]
13 silly lockFile 937a641c-browse-sync browse-sync@
14 verbose lock browse-sync@ /Users/shaneobsourne/.npm/937a641c-browse-sync.lock
15 silly addNameRange { name: 'browse-sync', range: '*', hasData: false }
16 verbose request where is /browse-sync
17 verbose request registry https://registry.npmjs.org/
18 verbose request id 1b3d3a9639a1f340
19 verbose url raw /browse-sync
20 verbose url resolving [ 'https://registry.npmjs.org/', './browse-sync' ]
21 verbose url resolved https://registry.npmjs.org/browse-sync
22 verbose request where is https://registry.npmjs.org/browse-sync
23 info trying registry request attempt 1 at 09:30:55
24 http GET https://registry.npmjs.org/browse-sync
25 http 404 https://registry.npmjs.org/browse-sync
26 verbose headers { date: 'Fri, 13 Feb 2015 09:30:56 GMT',
26 verbose headers   server: 'CouchDB/1.5.0 (Erlang OTP/R16B03)',
26 verbose headers   'content-type': 'application/json',
26 verbose headers   'cache-control': 'max-age=0',
26 verbose headers   'content-length': '52',
26 verbose headers   'accept-ranges': 'bytes',
26 verbose headers   via: '1.1 varnish',
26 verbose headers   age: '0',
26 verbose headers   'x-served-by': 'cache-lcy1128-LCY',
26 verbose headers   'x-cache': 'MISS',
26 verbose headers   'x-cache-hits': '0',
26 verbose headers   'x-timer': 'S1423819855.504734,VS0,VE627',
26 verbose headers   'keep-alive': 'timeout=10, max=50',
26 verbose headers   connection: 'Keep-Alive' }
27 silly registry.get cb [ 404,
27 silly registry.get   { date: 'Fri, 13 Feb 2015 09:30:56 GMT',
27 silly registry.get     server: 'CouchDB/1.5.0 (Erlang OTP/R16B03)',
27 silly registry.get     'content-type': 'application/json',
27 silly registry.get     'cache-control': 'max-age=0',
27 silly registry.get     'content-length': '52',
27 silly registry.get     'accept-ranges': 'bytes',
27 silly registry.get     via: '1.1 varnish',
27 silly registry.get     age: '0',
27 silly registry.get     'x-served-by': 'cache-lcy1128-LCY',
27 silly registry.get     'x-cache': 'MISS',
27 silly registry.get     'x-cache-hits': '0',
27 silly registry.get     'x-timer': 'S1423819855.504734,VS0,VE627',
27 silly registry.get     'keep-alive': 'timeout=10, max=50',
27 silly registry.get     connection: 'Keep-Alive' } ]
28 silly lockFile 937a641c-browse-sync browse-sync@
29 silly lockFile 937a641c-browse-sync browse-sync@
30 error 404 404 Not Found: browse-sync
30 error 404
30 error 404 'browse-sync' is not in the npm registry.
30 error 404 You should bug the author to publish it
30 error 404
30 error 404 Note that you can also install from a
30 error 404 tarball, folder, or http url, or git url.
31 error System Darwin 14.0.0
32 error command "node" "/usr/local/bin/npm" "install" "-g" "browse-sync"
33 error cwd /Users/shaneobsourne/code/crossbow.js
34 error node -v v0.10.32
35 error npm -v 1.4.28
36 error code E404
37 verbose exit [ 1, true ]
